<?xml version="1.0" encoding="UTF-8"?>
<testsuites name="VAA0040-Admin_login" time="90" tests="7" failures="1" errors="0">
   <testsuite name="VAA0040-Admin_login" tests="7" failures="1" errors="0" time="90" timestamp="2018-09-07 12:44:38" hostname="Manoj-D - Manoj-D.vofox.com" id="Test Suites/VAA0040-Admin_login">
      <properties>
         <property name="deviceName" value=""/>
         <property name="devicePlatform" value=""/>
         <property name="logFolder" value="E:\\VofoxQA\\AssesmentApp_Katalon\\AssesmentApp\\Reports\\VAA0040-Admin_login\\20180907_124436"/>
         <property name="logFiles" value="E:\\VofoxQA\\AssesmentApp_Katalon\\AssesmentApp\\Reports\\VAA0040-Admin_login\\20180907_124436\\execution0.log"/>
         <property name="attachments" value="E:\\VofoxQA\\AssesmentApp_Katalon\\AssesmentApp\\Reports\\VAA0040-Admin_login\\20180907_124436\\1536304559532.png, E:\\VofoxQA\\AssesmentApp_Katalon\\AssesmentApp\\Reports\\VAA0040-Admin_login\\20180907_124436\\1536304559933.png"/>
         <property name="hostName" value="Manoj-D - Manoj-D.vofox.com"/>
         <property name="os" value="Windows 10 64bit"/>
         <property name="katalonVersion" value="5.6.1.1"/>
         <property name="browser" value="Firefox 59.0"/>
         <property name="hostAddress" value="192.168.10.121"/>
         <property name="sessionId" value="7990045b-9b6a-4878-8706-c23c973fcd9b"/>
         <property name="seleniumVersion" value="3.7.1"/>
         <property name="proxyInformation" value="ProxyInformation{proxyOption=NO_PROXY, proxyServerType=HTTP, password=, proxyServerAddress=, proxyServerPort=0}"/>
         <property name="platform" value="Windows 10"/>
      </properties>
      <testcase name="Test Cases/Admin_Login/TCA091001" classname="Test Cases/Admin_Login/TCA091001" status="PASSED">
         <system-out><![CDATA[2018-09-07 12:44:39 - [TEST_CASE][PASSED] - Test Cases/Admin_Login/TCA091001: Test Cases/Admin_Login/TCA091001

2018-09-07 12:44:39 - [TEST_STEP][PASSED] - openBrowser: Browser is opened with url: ''

2018-09-07 12:44:46 - [MESSAGE][PASSED] - Browser is opened with url: ''

2018-09-07 12:44:46 - [TEST_STEP][PASSED] - navigateToUrl: Navigate to 'http://192.168.10.150/eserviceCRProvider/AdminLogin.aspx' successfully

2018-09-07 12:44:46 - [MESSAGE][PASSED] - Navigate to 'http://192.168.10.150/eserviceCRProvider/AdminLogin.aspx' successfully

2018-09-07 12:44:46 - [TEST_STEP][PASSED] - setText: Text 'Admin' is set on object 'Object Repository/Page_Admin Login/input_ctl00ContentPlaceHolder1_1'

2018-09-07 12:44:47 - [MESSAGE][PASSED] - Text 'Admin' is set on object 'Object Repository/Page_Admin Login/input_ctl00ContentPlaceHolder1_1'

2018-09-07 12:44:47 - [TEST_STEP][PASSED] - setEncryptedText: Text ****** has been set on object 'Object Repository/Page_Admin Login/input_ctl00ContentPlaceHolder1_2'

2018-09-07 12:44:47 - [MESSAGE][PASSED] - Text ****** has been set on object 'Object Repository/Page_Admin Login/input_ctl00ContentPlaceHolder1_2'

2018-09-07 12:44:47 - [TEST_STEP][PASSED] - click: Object: 'Object Repository/Page_Admin Login/input_ctl00ContentPlaceHolderBTN' is clicked on

2018-09-07 12:44:47 - [MESSAGE][PASSED] - Object: 'Object Repository/Page_Admin Login/input_ctl00ContentPlaceHolderBTN' is clicked on

2018-09-07 12:44:47 - [TEST_STEP][PASSED] - closeBrowser: Browser is closed

2018-09-07 12:44:48 - [MESSAGE][PASSED] - Browser is closed]]></system-out>
         <system-err><![CDATA[]]></system-err>
      </testcase>
      <testcase name="Test Cases/Admin_Login/TCA091002" classname="Test Cases/Admin_Login/TCA091002" status="PASSED">
         <system-out><![CDATA[2018-09-07 12:44:48 - [TEST_CASE][PASSED] - Test Cases/Admin_Login/TCA091002: Test Cases/Admin_Login/TCA091002

2018-09-07 12:44:48 - [TEST_STEP][PASSED] - openBrowser: Browser is opened with url: ''

2018-09-07 12:44:53 - [MESSAGE][PASSED] - Browser is opened with url: ''

2018-09-07 12:44:53 - [TEST_STEP][PASSED] - navigateToUrl: Navigate to 'http://192.168.10.150/eserviceCRProvider/AdminLogin.aspx' successfully

2018-09-07 12:44:54 - [MESSAGE][PASSED] - Navigate to 'http://192.168.10.150/eserviceCRProvider/AdminLogin.aspx' successfully

2018-09-07 12:44:54 - [TEST_STEP][PASSED] - setText: Text '' is set on object 'Object Repository/Page_Admin Login/input_ctl00ContentPlaceHolder1_1'

2018-09-07 12:44:54 - [MESSAGE][PASSED] - Text '' is set on object 'Object Repository/Page_Admin Login/input_ctl00ContentPlaceHolder1_1'

2018-09-07 12:44:54 - [TEST_STEP][PASSED] - setEncryptedText: Text ****** has been set on object 'Object Repository/Page_Admin Login/input_ctl00ContentPlaceHolder1_2'

2018-09-07 12:44:54 - [MESSAGE][PASSED] - Text ****** has been set on object 'Object Repository/Page_Admin Login/input_ctl00ContentPlaceHolder1_2'

2018-09-07 12:44:54 - [TEST_STEP][PASSED] - click: Object: 'Object Repository/Page_Admin Login/input_ctl00ContentPlaceHolderBTN' is clicked on

2018-09-07 12:44:54 - [MESSAGE][PASSED] - Object: 'Object Repository/Page_Admin Login/input_ctl00ContentPlaceHolderBTN' is clicked on

2018-09-07 12:44:54 - [TEST_STEP][PASSED] - verifyElementText: Actual text and expected text of test object 'Object Repository/Page_Admin Login/span_Enter Username' are matched.

2018-09-07 12:44:54 - [MESSAGE][PASSED] - Actual text and expected text of test object 'Object Repository/Page_Admin Login/span_Enter Username' are matched.

2018-09-07 12:44:54 - [TEST_STEP][PASSED] - verifyElementText: Actual text and expected text of test object 'Object Repository/Page_Admin Login/span_Enter Password' are matched.

2018-09-07 12:44:54 - [MESSAGE][PASSED] - Actual text and expected text of test object 'Object Repository/Page_Admin Login/span_Enter Password' are matched.

2018-09-07 12:44:54 - [TEST_STEP][PASSED] - closeBrowser: Browser is closed

2018-09-07 12:44:56 - [MESSAGE][PASSED] - Browser is closed]]></system-out>
         <system-err><![CDATA[]]></system-err>
      </testcase>
      <testcase name="Test Cases/Admin_Login/TCA091003" classname="Test Cases/Admin_Login/TCA091003" status="PASSED">
         <system-out><![CDATA[2018-09-07 12:44:56 - [TEST_CASE][PASSED] - Test Cases/Admin_Login/TCA091003: Test Cases/Admin_Login/TCA091003

2018-09-07 12:44:56 - [TEST_STEP][PASSED] - openBrowser: Browser is opened with url: ''

2018-09-07 12:45:01 - [MESSAGE][PASSED] - Browser is opened with url: ''

2018-09-07 12:45:01 - [TEST_STEP][PASSED] - navigateToUrl: Navigate to 'http://192.168.10.150/eserviceCRProvider/AdminLogin.aspx' successfully

2018-09-07 12:45:01 - [MESSAGE][PASSED] - Navigate to 'http://192.168.10.150/eserviceCRProvider/AdminLogin.aspx' successfully

2018-09-07 12:45:01 - [TEST_STEP][PASSED] - setText: Text '' is set on object 'Object Repository/Page_Admin Login/input_ctl00ContentPlaceHolder1_1'

2018-09-07 12:45:01 - [MESSAGE][PASSED] - Text '' is set on object 'Object Repository/Page_Admin Login/input_ctl00ContentPlaceHolder1_1'

2018-09-07 12:45:01 - [TEST_STEP][PASSED] - setEncryptedText: Text ****** has been set on object 'Object Repository/Page_Admin Login/input_ctl00ContentPlaceHolder1_2'

2018-09-07 12:45:01 - [MESSAGE][PASSED] - Text ****** has been set on object 'Object Repository/Page_Admin Login/input_ctl00ContentPlaceHolder1_2'

2018-09-07 12:45:01 - [TEST_STEP][PASSED] - click: Object: 'Object Repository/Page_Admin Login/input_ctl00ContentPlaceHolderBTN' is clicked on

2018-09-07 12:45:02 - [MESSAGE][PASSED] - Object: 'Object Repository/Page_Admin Login/input_ctl00ContentPlaceHolderBTN' is clicked on

2018-09-07 12:45:02 - [TEST_STEP][PASSED] - verifyElementText: Actual text and expected text of test object 'Object Repository/Page_Admin Login/span_Enter Username' are matched.

2018-09-07 12:45:02 - [MESSAGE][PASSED] - Actual text and expected text of test object 'Object Repository/Page_Admin Login/span_Enter Username' are matched.

2018-09-07 12:45:02 - [TEST_STEP][PASSED] - verifyElementText: Actual text and expected text of test object 'Object Repository/Page_Admin Login/span_Enter Password' are matched.

2018-09-07 12:45:02 - [MESSAGE][PASSED] - Actual text and expected text of test object 'Object Repository/Page_Admin Login/span_Enter Password' are matched.

2018-09-07 12:45:02 - [TEST_STEP][PASSED] - closeBrowser: Browser is closed

2018-09-07 12:45:02 - [MESSAGE][PASSED] - Browser is closed]]></system-out>
         <system-err><![CDATA[]]></system-err>
      </testcase>
      <testcase name="Test Cases/Admin_Login/TCA091004" classname="Test Cases/Admin_Login/TCA091004" status="PASSED">
         <system-out><![CDATA[2018-09-07 12:45:02 - [TEST_CASE][PASSED] - Test Cases/Admin_Login/TCA091004: Test Cases/Admin_Login/TCA091004

2018-09-07 12:45:02 - [TEST_STEP][PASSED] - openBrowser: Browser is opened with url: ''

2018-09-07 12:45:08 - [MESSAGE][PASSED] - Browser is opened with url: ''

2018-09-07 12:45:08 - [TEST_STEP][PASSED] - navigateToUrl: Navigate to 'http://192.168.10.150/eserviceCRProvider/AdminLogin.aspx' successfully

2018-09-07 12:45:08 - [MESSAGE][PASSED] - Navigate to 'http://192.168.10.150/eserviceCRProvider/AdminLogin.aspx' successfully

2018-09-07 12:45:08 - [TEST_STEP][PASSED] - setText: Text '' is set on object 'Object Repository/Page_Admin Login/input_ctl00ContentPlaceHolder1_1'

2018-09-07 12:45:08 - [MESSAGE][PASSED] - Text '' is set on object 'Object Repository/Page_Admin Login/input_ctl00ContentPlaceHolder1_1'

2018-09-07 12:45:08 - [TEST_STEP][PASSED] - setEncryptedText: Text ****** has been set on object 'Object Repository/Page_Admin Login/input_ctl00ContentPlaceHolder1_2'

2018-09-07 12:45:08 - [MESSAGE][PASSED] - Text ****** has been set on object 'Object Repository/Page_Admin Login/input_ctl00ContentPlaceHolder1_2'

2018-09-07 12:45:08 - [TEST_STEP][PASSED] - click: Object: 'Object Repository/Page_Admin Login/input_ctl00ContentPlaceHolderBTN' is clicked on

2018-09-07 12:45:08 - [MESSAGE][PASSED] - Object: 'Object Repository/Page_Admin Login/input_ctl00ContentPlaceHolderBTN' is clicked on

2018-09-07 12:45:08 - [TEST_STEP][PASSED] - verifyElementText: Actual text and expected text of test object 'Object Repository/Page_Admin Login/span_Enter Username' are matched.

2018-09-07 12:45:08 - [MESSAGE][PASSED] - Actual text and expected text of test object 'Object Repository/Page_Admin Login/span_Enter Username' are matched.

2018-09-07 12:45:08 - [TEST_STEP][PASSED] - verifyElementText: Actual text and expected text of test object 'Object Repository/Page_Admin Login/span_Enter Password' are matched.

2018-09-07 12:45:08 - [MESSAGE][PASSED] - Actual text and expected text of test object 'Object Repository/Page_Admin Login/span_Enter Password' are matched.

2018-09-07 12:45:08 - [TEST_STEP][PASSED] - closeBrowser: Browser is closed

2018-09-07 12:45:09 - [MESSAGE][PASSED] - Browser is closed]]></system-out>
         <system-err><![CDATA[]]></system-err>
      </testcase>
      <testcase name="Test Cases/Admin_Login/TCA091005" classname="Test Cases/Admin_Login/TCA091005" status="PASSED">
         <system-out><![CDATA[2018-09-07 12:45:09 - [TEST_CASE][PASSED] - Test Cases/Admin_Login/TCA091005: Test Cases/Admin_Login/TCA091005

2018-09-07 12:45:09 - [TEST_STEP][PASSED] - openBrowser: Browser is opened with url: ''

2018-09-07 12:45:14 - [MESSAGE][PASSED] - Browser is opened with url: ''

2018-09-07 12:45:14 - [TEST_STEP][PASSED] - navigateToUrl: Navigate to 'http://192.168.10.150/eserviceCRProvider/AdminLogin.aspx' successfully

2018-09-07 12:45:14 - [MESSAGE][PASSED] - Navigate to 'http://192.168.10.150/eserviceCRProvider/AdminLogin.aspx' successfully

2018-09-07 12:45:14 - [TEST_STEP][PASSED] - setText: Text '' is set on object 'Object Repository/Page_Admin Login/input_ctl00ContentPlaceHolder1_1'

2018-09-07 12:45:15 - [MESSAGE][PASSED] - Text '' is set on object 'Object Repository/Page_Admin Login/input_ctl00ContentPlaceHolder1_1'

2018-09-07 12:45:15 - [TEST_STEP][PASSED] - setEncryptedText: Text ****** has been set on object 'Object Repository/Page_Admin Login/input_ctl00ContentPlaceHolder1_2'

2018-09-07 12:45:15 - [MESSAGE][PASSED] - Text ****** has been set on object 'Object Repository/Page_Admin Login/input_ctl00ContentPlaceHolder1_2'

2018-09-07 12:45:15 - [TEST_STEP][PASSED] - click: Object: 'Object Repository/Page_Admin Login/input_ctl00ContentPlaceHolderBTN' is clicked on

2018-09-07 12:45:15 - [MESSAGE][PASSED] - Object: 'Object Repository/Page_Admin Login/input_ctl00ContentPlaceHolderBTN' is clicked on

2018-09-07 12:45:15 - [TEST_STEP][PASSED] - verifyElementText: Actual text and expected text of test object 'Object Repository/Page_Admin Login/span_Enter Username' are matched.

2018-09-07 12:45:15 - [MESSAGE][PASSED] - Actual text and expected text of test object 'Object Repository/Page_Admin Login/span_Enter Username' are matched.

2018-09-07 12:45:15 - [TEST_STEP][PASSED] - verifyElementText: Actual text and expected text of test object 'Object Repository/Page_Admin Login/span_Enter Password' are matched.

2018-09-07 12:45:15 - [MESSAGE][PASSED] - Actual text and expected text of test object 'Object Repository/Page_Admin Login/span_Enter Password' are matched.

2018-09-07 12:45:15 - [TEST_STEP][PASSED] - closeBrowser: Browser is closed

2018-09-07 12:45:16 - [MESSAGE][PASSED] - Browser is closed]]></system-out>
         <system-err><![CDATA[]]></system-err>
      </testcase>
      <testcase name="Test Cases/Admin_Login/TCA091006" classname="Test Cases/Admin_Login/TCA091006" status="PASSED">
         <system-out><![CDATA[2018-09-07 12:45:16 - [TEST_CASE][PASSED] - Test Cases/Admin_Login/TCA091006: Test Cases/Admin_Login/TCA091006

2018-09-07 12:45:16 - [TEST_STEP][PASSED] - openBrowser: Browser is opened with url: ''

2018-09-07 12:45:22 - [MESSAGE][PASSED] - Browser is opened with url: ''

2018-09-07 12:45:22 - [TEST_STEP][PASSED] - navigateToUrl: Navigate to 'http://192.168.10.150/eserviceCRProvider/AdminLogin.aspx' successfully

2018-09-07 12:45:22 - [MESSAGE][PASSED] - Navigate to 'http://192.168.10.150/eserviceCRProvider/AdminLogin.aspx' successfully

2018-09-07 12:45:22 - [TEST_STEP][PASSED] - setText: Text '' is set on object 'Object Repository/Page_Admin Login/input_ctl00ContentPlaceHolder1_1'

2018-09-07 12:45:22 - [MESSAGE][PASSED] - Text '' is set on object 'Object Repository/Page_Admin Login/input_ctl00ContentPlaceHolder1_1'

2018-09-07 12:45:22 - [TEST_STEP][PASSED] - setEncryptedText: Text ****** has been set on object 'Object Repository/Page_Admin Login/input_ctl00ContentPlaceHolder1_2'

2018-09-07 12:45:22 - [MESSAGE][PASSED] - Text ****** has been set on object 'Object Repository/Page_Admin Login/input_ctl00ContentPlaceHolder1_2'

2018-09-07 12:45:22 - [TEST_STEP][PASSED] - click: Object: 'Object Repository/Page_Admin Login/input_ctl00ContentPlaceHolderBTN' is clicked on

2018-09-07 12:45:22 - [MESSAGE][PASSED] - Object: 'Object Repository/Page_Admin Login/input_ctl00ContentPlaceHolderBTN' is clicked on

2018-09-07 12:45:22 - [TEST_STEP][PASSED] - verifyElementText: Actual text and expected text of test object 'Object Repository/Page_Admin Login/span_Enter Username' are matched.

2018-09-07 12:45:22 - [MESSAGE][PASSED] - Actual text and expected text of test object 'Object Repository/Page_Admin Login/span_Enter Username' are matched.

2018-09-07 12:45:22 - [TEST_STEP][PASSED] - verifyElementText: Actual text and expected text of test object 'Object Repository/Page_Admin Login/span_Enter Password' are matched.

2018-09-07 12:45:22 - [MESSAGE][PASSED] - Actual text and expected text of test object 'Object Repository/Page_Admin Login/span_Enter Password' are matched.

2018-09-07 12:45:22 - [TEST_STEP][PASSED] - closeBrowser: Browser is closed

2018-09-07 12:45:23 - [MESSAGE][PASSED] - Browser is closed]]></system-out>
         <system-err><![CDATA[]]></system-err>
      </testcase>
      <testcase name="Test Cases/Admin_Login/TCA091007" classname="Test Cases/Admin_Login/TCA091007" status="FAILED">
         <failure type="FAILED" message="Verify element text of test object 'Object Repository/Page_/span_SuperAdmin' FAILED. (Root cause: com.kms.katalon.core.webui.exception.WebElementNotFoundException: Web element with id: 'Object Repository/Page_/span_SuperAdmin' located by 'By.xpath: //span[@id = 'ctl00_lblAdminName' and (text() = 'SuperAdmin' or . = 'SuperAdmin')]' not found)"/>
         <system-out><![CDATA[2018-09-07 12:45:23 - [TEST_CASE][FAILED] - Test Cases/Admin_Login/TCA091007: Test Cases/Admin_Login/TCA091007 FAILED because (of) Verify element text of test object 'Object Repository/Page_/span_SuperAdmin' FAILED. (Root cause: com.kms.katalon.core.webui.exception.WebElementNotFoundException: Web element with id: 'Object Repository/Page_/span_SuperAdmin' located by 'By.xpath: //span[@id = 'ctl00_lblAdminName' and (text() = 'SuperAdmin' or . = 'SuperAdmin')]' not found)

2018-09-07 12:45:23 - [TEST_STEP][PASSED] - openBrowser: Browser is opened with url: ''

2018-09-07 12:45:27 - [MESSAGE][PASSED] - Browser is opened with url: ''

2018-09-07 12:45:27 - [TEST_STEP][PASSED] - navigateToUrl: Navigate to 'http://192.168.10.150/eserviceCRProvider/AdminLogin.aspx' successfully

2018-09-07 12:45:28 - [MESSAGE][PASSED] - Navigate to 'http://192.168.10.150/eserviceCRProvider/AdminLogin.aspx' successfully

2018-09-07 12:45:28 - [TEST_STEP][PASSED] - setText: Text 'Admin' is set on object 'Object Repository/Page_Admin Login/input_ctl00ContentPlaceHolder1_1'

2018-09-07 12:45:28 - [MESSAGE][PASSED] - Text 'Admin' is set on object 'Object Repository/Page_Admin Login/input_ctl00ContentPlaceHolder1_1'

2018-09-07 12:45:28 - [TEST_STEP][PASSED] - setEncryptedText: Text ****** has been set on object 'Object Repository/Page_Admin Login/input_ctl00ContentPlaceHolder1_2'

2018-09-07 12:45:28 - [MESSAGE][PASSED] - Text ****** has been set on object 'Object Repository/Page_Admin Login/input_ctl00ContentPlaceHolder1_2'

2018-09-07 12:45:28 - [TEST_STEP][PASSED] - click: Object: 'Object Repository/Page_Admin Login/input_ctl00ContentPlaceHolderBTN' is clicked on

2018-09-07 12:45:28 - [MESSAGE][PASSED] - Object: 'Object Repository/Page_Admin Login/input_ctl00ContentPlaceHolderBTN' is clicked on

2018-09-07 12:45:28 - [TEST_STEP][FAILED] - verifyElementText: Verify element text of test object 'Object Repository/Page_/span_SuperAdmin' FAILED. (Root cause: com.kms.katalon.core.webui.exception.WebElementNotFoundException: Web element with id: 'Object Repository/Page_/span_SuperAdmin' located by 'By.xpath: //span[@id = 'ctl00_lblAdminName' and (text() = 'SuperAdmin' or . = 'SuperAdmin')]' not found)

2018-09-07 12:45:59 - [MESSAGE][FAILED] - com.kms.katalon.core.webui.exception.WebElementNotFoundException: Web element with id: 'Object Repository/Page_/span_SuperAdmin' located by 'By.xpath: //span[@id = 'ctl00_lblAdminName' and (text() = 'SuperAdmin' or . = 'SuperAdmin')]' not found
[[ATTACHMENT|E:\\VofoxQA\\AssesmentApp_Katalon\\AssesmentApp\\Reports\\VAA0040-Admin_login\\20180907_124436\\1536304559532.png]]

2018-09-07 12:46:00 - [MESSAGE][FAILED] - Verify element text of test object 'Object Repository/Page_/span_SuperAdmin' FAILED. (Root cause: com.kms.katalon.core.webui.exception.WebElementNotFoundException: Web element with id: 'Object Repository/Page_/span_SuperAdmin' located by 'By.xpath: //span[@id = 'ctl00_lblAdminName' and (text() = 'SuperAdmin' or . = 'SuperAdmin')]' not found)
[[ATTACHMENT|E:\\VofoxQA\\AssesmentApp_Katalon\\AssesmentApp\\Reports\\VAA0040-Admin_login\\20180907_124436\\1536304559933.png]]]]></system-out>
         <system-err><![CDATA[2018-09-07 12:45:23 - [TEST_CASE][FAILED] - Test Cases/Admin_Login/TCA091007: Test Cases/Admin_Login/TCA091007 FAILED because (of) Verify element text of test object 'Object Repository/Page_/span_SuperAdmin' FAILED. (Root cause: com.kms.katalon.core.webui.exception.WebElementNotFoundException: Web element with id: 'Object Repository/Page_/span_SuperAdmin' located by 'By.xpath: //span[@id = 'ctl00_lblAdminName' and (text() = 'SuperAdmin' or . = 'SuperAdmin')]' not found)]]></system-err>
      </testcase>
      <testcase name="Test Cases/Admin_Login/TCA091008" classname="Test Cases/Admin_Login/TCA091008" status="PASSED">
         <system-out><![CDATA[2018-09-07 12:46:00 - [TEST_CASE][PASSED] - Test Cases/Admin_Login/TCA091008: Test Cases/Admin_Login/TCA091008

2018-09-07 12:46:00 - [TEST_STEP][PASSED] - openBrowser: Browser is opened with url: ''

2018-09-07 12:46:00 - [MESSAGE][WARNING] - A browser is already opened. Closing browser and opening a new one

2018-09-07 12:46:05 - [MESSAGE][PASSED] - Browser is opened with url: ''

2018-09-07 12:46:05 - [TEST_STEP][PASSED] - navigateToUrl: Navigate to 'http://192.168.10.150/eserviceCRProvider/AdminLogin.aspx' successfully

2018-09-07 12:46:06 - [MESSAGE][PASSED] - Navigate to 'http://192.168.10.150/eserviceCRProvider/AdminLogin.aspx' successfully

2018-09-07 12:46:06 - [TEST_STEP][PASSED] - setText: Text 'Admin' is set on object 'Object Repository/Page_Admin Login/input_ctl00ContentPlaceHolder1'

2018-09-07 12:46:06 - [MESSAGE][PASSED] - Text 'Admin' is set on object 'Object Repository/Page_Admin Login/input_ctl00ContentPlaceHolder1'

2018-09-07 12:46:06 - [TEST_STEP][PASSED] - setEncryptedText: Text ****** has been set on object 'Object Repository/Page_Admin Login/input_ctl00ContentPlaceHolder1_2'

2018-09-07 12:46:07 - [MESSAGE][PASSED] - Text ****** has been set on object 'Object Repository/Page_Admin Login/input_ctl00ContentPlaceHolder1_2'

2018-09-07 12:46:07 - [TEST_STEP][PASSED] - click: Object: 'Object Repository/Page_Admin Login/input_ctl00ContentPlaceHolderBTN' is clicked on

2018-09-07 12:46:08 - [MESSAGE][PASSED] - Object: 'Object Repository/Page_Admin Login/input_ctl00ContentPlaceHolderBTN' is clicked on

2018-09-07 12:46:08 - [TEST_STEP][PASSED] - verifyElementText: Actual text and expected text of test object 'Object Repository/Page_/span_SuperAdmin' are matched.

2018-09-07 12:46:08 - [MESSAGE][PASSED] - Actual text and expected text of test object 'Object Repository/Page_/span_SuperAdmin' are matched.

2018-09-07 12:46:08 - [TEST_STEP][PASSED] - click: Object: 'Object Repository/Page_/input_ctl00imgbtnLogout' is clicked on

2018-09-07 12:46:09 - [MESSAGE][PASSED] - Object: 'Object Repository/Page_/input_ctl00imgbtnLogout' is clicked on

2018-09-07 12:46:09 - [TEST_STEP][PASSED] - verifyElementText: Actual text and expected text of test object 'Object Repository/Page_Admin Login/td_Admin Login' are matched.

2018-09-07 12:46:09 - [MESSAGE][PASSED] - Actual text and expected text of test object 'Object Repository/Page_Admin Login/td_Admin Login' are matched.

2018-09-07 12:46:09 - [TEST_STEP][PASSED] - closeBrowser: Browser is closed

2018-09-07 12:46:09 - [MESSAGE][PASSED] - Browser is closed]]></system-out>
         <system-err><![CDATA[]]></system-err>
      </testcase>
      <system-out><![CDATA[2018-09-07 12:44:38 - [TEST_SUITE][FAILED] - VAA0040-Admin_login: Test Cases/Admin_Login/TCA091007 FAILED because (of) Verify element text of test object 'Object Repository/Page_/span_SuperAdmin' FAILED. (Root cause: com.kms.katalon.core.webui.exception.WebElementNotFoundException: Web element with id: 'Object Repository/Page_/span_SuperAdmin' located by 'By.xpath: //span[@id = 'ctl00_lblAdminName' and (text() = 'SuperAdmin' or . = 'SuperAdmin')]' not found)]]></system-out>
      <system-err><![CDATA[2018-09-07 12:44:38 - [TEST_SUITE][FAILED] - VAA0040-Admin_login: Test Cases/Admin_Login/TCA091007 FAILED because (of) Verify element text of test object 'Object Repository/Page_/span_SuperAdmin' FAILED. (Root cause: com.kms.katalon.core.webui.exception.WebElementNotFoundException: Web element with id: 'Object Repository/Page_/span_SuperAdmin' located by 'By.xpath: //span[@id = 'ctl00_lblAdminName' and (text() = 'SuperAdmin' or . = 'SuperAdmin')]' not found)]]></system-err>
   </testsuite>
</testsuites>
