<?xml version="1.0" encoding="UTF-8"?>
<testsuites name="VAA0042-Manage Department" time="42" tests="1" failures="1" errors="0">
   <testsuite name="VAA0042-Manage Department" tests="1" failures="1" errors="0" time="42" timestamp="2018-09-03 18:07:13" hostname="Manoj-D - Manoj-D.vofox.com" id="Test Suites/VAA0042-Manage Department">
      <properties>
         <property name="deviceName" value=""/>
         <property name="devicePlatform" value=""/>
         <property name="logFolder" value="E:\\VofoxQA\\AssesmentApp_Katalon\\AssesmentApp\\Reports\\VAA0042-Manage Department\\20180903_180711"/>
         <property name="logFiles" value="E:\\VofoxQA\\AssesmentApp_Katalon\\AssesmentApp\\Reports\\VAA0042-Manage Department\\20180903_180711\\execution0.log"/>
         <property name="attachments" value="E:\\VofoxQA\\AssesmentApp_Katalon\\AssesmentApp\\Reports\\VAA0042-Manage Department\\20180903_180711\\1535978274909.png, E:\\VofoxQA\\AssesmentApp_Katalon\\AssesmentApp\\Reports\\VAA0042-Manage Department\\20180903_180711\\1535978274986.png"/>
         <property name="hostName" value="Manoj-D - Manoj-D.vofox.com"/>
         <property name="os" value="Windows 10 64bit"/>
         <property name="katalonVersion" value="5.6.1.1"/>
         <property name="browser" value="Firefox 59.0"/>
         <property name="hostAddress" value="192.168.10.121"/>
         <property name="sessionId" value="e7c9a886-df2f-4d04-953a-e1df6f5ec6ff"/>
         <property name="seleniumVersion" value="3.7.1"/>
         <property name="proxyInformation" value="ProxyInformation{proxyOption=NO_PROXY, proxyServerType=HTTP, password=, proxyServerAddress=, proxyServerPort=0}"/>
         <property name="platform" value="Windows 10"/>
      </properties>
      <testcase name="Test Cases/Manage Department/TCA094001" classname="Test Cases/Manage Department/TCA094001" status="PASSED">
         <system-out><![CDATA[2018-09-03 18:07:13 - [TEST_CASE][PASSED] - Test Cases/Manage Department/TCA094001: Test Cases/Manage Department/TCA094001

2018-09-03 18:07:13 - [TEST_STEP][PASSED] - openBrowser: Browser is opened with url: ''

2018-09-03 18:07:19 - [MESSAGE][PASSED] - Browser is opened with url: ''

2018-09-03 18:07:19 - [TEST_STEP][PASSED] - navigateToUrl: Navigate to 'http://192.168.10.150/eserviceCRProvider/AdminLogin.aspx' successfully

2018-09-03 18:07:19 - [MESSAGE][PASSED] - Navigate to 'http://192.168.10.150/eserviceCRProvider/AdminLogin.aspx' successfully

2018-09-03 18:07:19 - [TEST_STEP][PASSED] - setText: Text 'Admin' is set on object 'Object Repository/Page_Admin Login/input_ctl00ContentPlaceHolder1_1'

2018-09-03 18:07:19 - [MESSAGE][PASSED] - Text 'Admin' is set on object 'Object Repository/Page_Admin Login/input_ctl00ContentPlaceHolder1_1'

2018-09-03 18:07:19 - [TEST_STEP][PASSED] - setEncryptedText: Text ****** has been set on object 'Object Repository/Page_Admin Login/input_ctl00ContentPlaceHolder1_2'

2018-09-03 18:07:20 - [MESSAGE][PASSED] - Text ****** has been set on object 'Object Repository/Page_Admin Login/input_ctl00ContentPlaceHolder1_2'

2018-09-03 18:07:20 - [TEST_STEP][PASSED] - click: Object: 'Object Repository/Page_Admin Login/input_ctl00ContentPlaceHolderBTN' is clicked on

2018-09-03 18:07:22 - [MESSAGE][PASSED] - Object: 'Object Repository/Page_Admin Login/input_ctl00ContentPlaceHolderBTN' is clicked on

2018-09-03 18:07:22 - [TEST_STEP][PASSED] - verifyElementText: Actual text and expected text of test object 'Object Repository/Page_/span_SuperAdmin' are matched.

2018-09-03 18:07:22 - [MESSAGE][PASSED] - Actual text and expected text of test object 'Object Repository/Page_/span_SuperAdmin' are matched.]]></system-out>
         <system-err><![CDATA[]]></system-err>
      </testcase>
      <testcase name="Test Cases/Manage Department/TCA094002" classname="Test Cases/Manage Department/TCA094002" status="FAILED">
         <failure type="FAILED" message="Verify element text of test object 'Object Repository/Page_/span_This Field is Required_1' FAILED. (Root cause: com.kms.katalon.core.webui.exception.WebElementNotFoundException: Web element with id: 'Object Repository/Page_/span_This Field is Required_1' located by 'By.xpath: ' not found)"/>
         <system-out><![CDATA[2018-09-03 18:07:22 - [TEST_CASE][FAILED] - Test Cases/Manage Department/TCA094002: Test Cases/Manage Department/TCA094002 FAILED because (of) Verify element text of test object 'Object Repository/Page_/span_This Field is Required_1' FAILED. (Root cause: com.kms.katalon.core.webui.exception.WebElementNotFoundException: Web element with id: 'Object Repository/Page_/span_This Field is Required_1' located by 'By.xpath: ' not found)

2018-09-03 18:07:22 - [TEST_STEP][PASSED] - click: Object: 'Object Repository/Page_/a_ Manage Department' is clicked on

2018-09-03 18:07:22 - [MESSAGE][PASSED] - Object: 'Object Repository/Page_/a_ Manage Department' is clicked on

2018-09-03 18:07:22 - [TEST_STEP][PASSED] - verifyElementText: Actual text and expected text of test object 'Object Repository/Page_/td_Manage Department' are matched.

2018-09-03 18:07:22 - [MESSAGE][PASSED] - Actual text and expected text of test object 'Object Repository/Page_/td_Manage Department' are matched.

2018-09-03 18:07:22 - [TEST_STEP][PASSED] - verifyElementText: Actual text and expected text of test object 'Object Repository/Page_/th_Department' are matched.

2018-09-03 18:07:22 - [MESSAGE][PASSED] - Actual text and expected text of test object 'Object Repository/Page_/th_Department' are matched.

2018-09-03 18:07:22 - [TEST_STEP][PASSED] - verifyElementText: Actual text and expected text of test object 'Object Repository/Page_/th_Description' are matched.

2018-09-03 18:07:23 - [MESSAGE][PASSED] - Actual text and expected text of test object 'Object Repository/Page_/th_Description' are matched.

2018-09-03 18:07:23 - [TEST_STEP][PASSED] - verifyElementText: Actual text and expected text of test object 'Object Repository/Page_/a_Edit' are matched.

2018-09-03 18:07:23 - [MESSAGE][PASSED] - Actual text and expected text of test object 'Object Repository/Page_/a_Edit' are matched.

2018-09-03 18:07:23 - [TEST_STEP][PASSED] - verifyElementText: Actual text and expected text of test object 'Object Repository/Page_/a_Delete' are matched.

2018-09-03 18:07:23 - [MESSAGE][PASSED] - Actual text and expected text of test object 'Object Repository/Page_/a_Delete' are matched.

2018-09-03 18:07:23 - [TEST_STEP][PASSED] - click: Object: 'Object Repository/Page_/input_btnAddNewDepartment' is clicked on

2018-09-03 18:07:23 - [MESSAGE][PASSED] - Object: 'Object Repository/Page_/input_btnAddNewDepartment' is clicked on

2018-09-03 18:07:23 - [TEST_STEP][PASSED] - verifyElementText: Actual text and expected text of test object 'Object Repository/Page_/span_Add New Department' are matched.

2018-09-03 18:07:23 - [MESSAGE][PASSED] - Actual text and expected text of test object 'Object Repository/Page_/span_Add New Department' are matched.

2018-09-03 18:07:23 - [TEST_STEP][PASSED] - verifyElementText: Actual text and expected text of test object 'Object Repository/Page_/td_Department' are matched.

2018-09-03 18:07:23 - [MESSAGE][PASSED] - Actual text and expected text of test object 'Object Repository/Page_/td_Department' are matched.

2018-09-03 18:07:23 - [TEST_STEP][PASSED] - verifyElementText: Actual text and expected text of test object 'Object Repository/Page_/th_Description' are matched.

2018-09-03 18:07:23 - [MESSAGE][PASSED] - Actual text and expected text of test object 'Object Repository/Page_/th_Description' are matched.

2018-09-03 18:07:23 - [TEST_STEP][PASSED] - click: Object: 'Object Repository/Page_/input_ButtonSubmit' is clicked on

2018-09-03 18:07:23 - [MESSAGE][PASSED] - Object: 'Object Repository/Page_/input_ButtonSubmit' is clicked on

2018-09-03 18:07:23 - [TEST_STEP][FAILED] - verifyElementText: Verify element text of test object 'Object Repository/Page_/span_This Field is Required_1' FAILED. (Root cause: com.kms.katalon.core.webui.exception.WebElementNotFoundException: Web element with id: 'Object Repository/Page_/span_This Field is Required_1' located by 'By.xpath: ' not found)

2018-09-03 18:07:54 - [MESSAGE][FAILED] - com.kms.katalon.core.webui.exception.WebElementNotFoundException: Web element with id: 'Object Repository/Page_/span_This Field is Required_1' located by 'By.xpath: ' not found
[[ATTACHMENT|E:\\VofoxQA\\AssesmentApp_Katalon\\AssesmentApp\\Reports\\VAA0042-Manage Department\\20180903_180711\\1535978274909.png]]

2018-09-03 18:07:55 - [MESSAGE][FAILED] - Verify element text of test object 'Object Repository/Page_/span_This Field is Required_1' FAILED. (Root cause: com.kms.katalon.core.webui.exception.WebElementNotFoundException: Web element with id: 'Object Repository/Page_/span_This Field is Required_1' located by 'By.xpath: ' not found)
[[ATTACHMENT|E:\\VofoxQA\\AssesmentApp_Katalon\\AssesmentApp\\Reports\\VAA0042-Manage Department\\20180903_180711\\1535978274986.png]]]]></system-out>
         <system-err><![CDATA[2018-09-03 18:07:22 - [TEST_CASE][FAILED] - Test Cases/Manage Department/TCA094002: Test Cases/Manage Department/TCA094002 FAILED because (of) Verify element text of test object 'Object Repository/Page_/span_This Field is Required_1' FAILED. (Root cause: com.kms.katalon.core.webui.exception.WebElementNotFoundException: Web element with id: 'Object Repository/Page_/span_This Field is Required_1' located by 'By.xpath: ' not found)]]></system-err>
      </testcase>
      <system-out><![CDATA[2018-09-03 18:07:13 - [TEST_SUITE][FAILED] - VAA0042-Manage Department: Test Cases/Manage Department/TCA094002 FAILED because (of) Verify element text of test object 'Object Repository/Page_/span_This Field is Required_1' FAILED. (Root cause: com.kms.katalon.core.webui.exception.WebElementNotFoundException: Web element with id: 'Object Repository/Page_/span_This Field is Required_1' located by 'By.xpath: ' not found)]]></system-out>
      <system-err><![CDATA[2018-09-03 18:07:13 - [TEST_SUITE][FAILED] - VAA0042-Manage Department: Test Cases/Manage Department/TCA094002 FAILED because (of) Verify element text of test object 'Object Repository/Page_/span_This Field is Required_1' FAILED. (Root cause: com.kms.katalon.core.webui.exception.WebElementNotFoundException: Web element with id: 'Object Repository/Page_/span_This Field is Required_1' located by 'By.xpath: ' not found)]]></system-err>
   </testsuite>
</testsuites>
